<?xml version="1.0" encoding="UTF-8"?>
<!-- Generated by org.testng.reporters.JUnitReportReporter -->
<testsuite hostname="DESKTOP-NFO01LF" failures="0" tests="1" name="FunctionTesting.CreateFrameWork" time="0.051" errors="0" timestamp="2023-12-30T23:49:51 EST" skipped="0">
  <testcase classname="FunctionTesting.CreateFrameWork" name="titleTest" time="0.051"/>
</testsuite> <!-- FunctionTesting.CreateFrameWork -->
