<?xml version="1.0" encoding="UTF-8"?>
<!-- Generated by org.testng.reporters.JUnitReportReporter -->
<testsuite hostname="DESKTOP-NFO01LF" failures="0" tests="1" name="FunctionTesting.PassingParameters" time="10.867" errors="0" timestamp="2024-01-05T02:58:41 EST" skipped="0">
  <testcase classname="FunctionTesting.PassingParameters" name="setupDriver" time="10.867"/>
</testsuite> <!-- FunctionTesting.PassingParameters -->
