<?xml version="1.0" encoding="UTF-8"?>
<!-- Generated by org.testng.reporters.JUnitReportReporter -->
<testsuite hostname="DESKTOP-NFO01LF" failures="0" tests="1" name="FunctionTesting.CreateFrameWork_ParallelExecution" time="0.121" errors="0" timestamp="2024-01-05T02:49:30 EST" skipped="0">
  <testcase classname="FunctionTesting.CreateFrameWork_ParallelExecution" name="titleTest" time="0.121"/>
</testsuite> <!-- FunctionTesting.CreateFrameWork_ParallelExecution -->
