<?xml version="1.0" encoding="UTF-8"?>
<!-- Generated by org.testng.reporters.JUnitReportReporter -->
<testsuite hostname="DESKTOP-NFO01LF" failures="0" tests="1" name="FunctionTesting.FrameWork_AnnotationsXParameters" time="0.139" errors="0" timestamp="2024-01-05T03:16:31 EST" skipped="0">
  <testcase classname="FunctionTesting.FrameWork_AnnotationsXParameters" name="titleTest" time="0.139"/>
</testsuite> <!-- FunctionTesting.FrameWork_AnnotationsXParameters -->
