<?xml version="1.0" encoding="UTF-8"?>
<!-- Generated by org.testng.reporters.JUnitReportReporter -->
<testsuite hostname="DESKTOP-NFO01LF" failures="0" tests="3" name="SauceDemo.LoginAndLogout" time="8.355" errors="0" timestamp="2023-12-30T06:45:22 EST" skipped="1">
  <testcase classname="SauceDemo.LoginAndLogout" name="setupDriver" time="5.914"/>
  <testcase classname="SauceDemo.LoginAndLogout" name="closeDriver" time="2.441"/>
  <testcase classname="SauceDemo.LoginAndLogout" name="loginTestWrongCredentials">
    <skipped/>
  </testcase> <!-- loginTestWrongCredentials -->
</testsuite> <!-- SauceDemo.LoginAndLogout -->
