<?xml version="1.0" encoding="UTF-8"?>
<!-- Generated by org.testng.reporters.JUnitReportReporter -->
<testsuite hostname="DESKTOP-NFO01LF" failures="0" tests="3" name="FunctionTesting.LoginpageTest" time="15.565" errors="0" timestamp="2023-12-30T07:18:05 EST" skipped="0">
  <testcase classname="FunctionTesting.LoginpageTest" name="login" time="6.812"/>
  <testcase classname="FunctionTesting.LoginpageTest" name="login" time="4.435"/>
  <testcase classname="FunctionTesting.LoginpageTest" name="login" time="4.318"/>
</testsuite> <!-- FunctionTesting.LoginpageTest -->
