<?xml version="1.0" encoding="UTF-8"?>
<!-- Generated by org.testng.reporters.JUnitReportReporter -->
<testsuite hostname="DESKTOP-NFO01LF" failures="0" tests="3" name="FunctionTesting.Annotations" time="0.087" errors="0" timestamp="2024-01-05T03:10:29 EST" skipped="0">
  <testcase classname="FunctionTesting.Annotations" name="testTwo" time="0.020"/>
  <testcase classname="FunctionTesting.Annotations" name="testOne" time="0.051"/>
  <testcase classname="FunctionTesting.Annotations" name="testThree" time="0.016"/>
</testsuite> <!-- FunctionTesting.Annotations -->
