<?xml version="1.0" encoding="UTF-8"?>
<!-- Generated by org.testng.reporters.JUnitReportReporter -->
<testsuite hostname="DESKTOP-NFO01LF" failures="0" tests="3" name="FunctionTesting.Annotation" time="0.053" errors="0" timestamp="2023-12-30T07:31:34 EST" skipped="0">
  <testcase classname="FunctionTesting.Annotation" name="testTwo" time="0.012"/>
  <testcase classname="FunctionTesting.Annotation" name="testOne" time="0.032"/>
  <testcase classname="FunctionTesting.Annotation" name="testThree" time="0.009"/>
</testsuite> <!-- FunctionTesting.Annotation -->
