<?xml version="1.0" encoding="UTF-8"?>
<!-- Generated by org.testng.reporters.JUnitReportReporter -->
<testsuite hostname="DESKTOP-NFO01LF" failures="0" tests="2" name="TestRunners.CheckoutFunctionTest" time="15.244" errors="0" timestamp="2024-01-12T10:12:01 EST" skipped="0">
  <testcase classname="TestRunners.CheckoutFunctionTest" name="completeCheckoutProcess" time="6.821"/>
  <testcase classname="TestRunners.CheckoutFunctionTest" name="filloutForm" time="8.423"/>
</testsuite> <!-- TestRunners.CheckoutFunctionTest -->
