<?xml version="1.0" encoding="UTF-8"?>
<!-- Generated by org.testng.reporters.JUnitReportReporter -->
<testsuite hostname="DESKTOP-NFO01LF" failures="0" tests="2" name="TestRunners.ProductFunctionTest" time="13.124" errors="0" timestamp="2024-01-12T10:12:01 EST" skipped="0">
  <testcase classname="TestRunners.ProductFunctionTest" name="CheckProductPageDashBoard" time="1.007"/>
  <testcase classname="TestRunners.ProductFunctionTest" name="checkProductSorting" time="12.117"/>
</testsuite> <!-- TestRunners.ProductFunctionTest -->
