<?xml version="1.0" encoding="UTF-8"?>
<!-- Generated by org.testng.reporters.JUnitReportReporter -->
<testsuite hostname="DESKTOP-NFO01LF" failures="0" tests="2" name="TestRunners.loginAndLogoutFunction" time="25.271" errors="0" timestamp="2024-01-11T00:33:11 EST" skipped="0">
  <testcase classname="TestRunners.loginAndLogoutFunction" name="loginTest" time="15.053"/>
  <testcase classname="TestRunners.loginAndLogoutFunction" name="InvalidloginTest" time="10.218"/>
</testsuite> <!-- TestRunners.loginAndLogoutFunction -->
