<?xml version="1.0" encoding="UTF-8"?>
<!-- Generated by org.testng.reporters.JUnitReportReporter -->
<testsuite hostname="DESKTOP-NFO01LF" failures="0" tests="2" name="TestNGFramework.LoginFunction" time="18.341" errors="0" timestamp="2024-02-05T03:36:13 EST" skipped="0">
  <testcase classname="TestNGFramework.LoginFunction" name="LoginWithInvalidCredentials" time="6.474"/>
  <testcase classname="TestNGFramework.LoginFunction" name="LoginWithValidCredentials" time="11.867"/>
</testsuite> <!-- TestNGFramework.LoginFunction -->
